{"/Users/admin/Desktop/la-fosse-academy/lap-3-work/give-us-a-br/api/api.js": {"path":"/Users/admin/Desktop/la-fosse-academy/lap-3-work/give-us-a-br/api/api.js","statementMap":{"0":{"start":{"line":1,"column":23},"end":{"line":1,"column":58}},"1":{"start":{"line":2,"column":16},"end":{"line":2,"column":34}},"2":{"start":{"line":3,"column":13},"end":{"line":3,"column":28}},"3":{"start":{"line":6,"column":12},"end":{"line":6,"column":21}},"4":{"start":{"line":8,"column":0},"end":{"line":8,"column":16}},"5":{"start":{"line":9,"column":0},"end":{"line":9,"column":23}},"6":{"start":{"line":11,"column":0},"end":{"line":11,"column":39}},"7":{"start":{"line":13,"column":0},"end":{"line":13,"column":21}}},"fnMap":{},"branchMap":{},"s":{"0":1,"1":1,"2":1,"3":1,"4":1,"5":1,"6":1,"7":1},"f":{},"b":{},"_coverageSchema":"1a1c01bbd47fc00a2c39e90264f33305004495a9","hash":"5d1d2978896d2ddad645d52e6a5132e14375e857"}
,"/Users/admin/Desktop/la-fosse-academy/lap-3-work/give-us-a-br/api/config/postgresdb.js": {"path":"/Users/admin/Desktop/la-fosse-academy/lap-3-work/give-us-a-br/api/config/postgresdb.js","statementMap":{"0":{"start":{"line":1,"column":0},"end":{"line":1,"column":27}},"1":{"start":{"line":2,"column":17},"end":{"line":2,"column":30}},"2":{"start":{"line":4,"column":11},"end":{"line":6,"column":2}},"3":{"start":{"line":8,"column":0},"end":{"line":8,"column":20}}},"fnMap":{},"branchMap":{},"s":{"0":1,"1":1,"2":1,"3":1},"f":{},"b":{},"_coverageSchema":"1a1c01bbd47fc00a2c39e90264f33305004495a9","hash":"18460f9b522a5dfe26935ec44a461e3c2f9e9544"}
,"/Users/admin/Desktop/la-fosse-academy/lap-3-work/give-us-a-br/api/controllers/flashcardController.js": {"path":"/Users/admin/Desktop/la-fosse-academy/lap-3-work/give-us-a-br/api/controllers/flashcardController.js","statementMap":{"0":{"start":{"line":1,"column":18},"end":{"line":1,"column":56}},"1":{"start":{"line":4,"column":4},"end":{"line":9,"column":5}},"2":{"start":{"line":5,"column":27},"end":{"line":5,"column":51}},"3":{"start":{"line":6,"column":8},"end":{"line":6,"column":41}},"4":{"start":{"line":8,"column":8},"end":{"line":8,"column":53}},"5":{"start":{"line":13,"column":4},"end":{"line":19,"column":5}},"6":{"start":{"line":14,"column":19},"end":{"line":14,"column":42}},"7":{"start":{"line":15,"column":26},"end":{"line":15,"column":53}},"8":{"start":{"line":16,"column":8},"end":{"line":16,"column":40}},"9":{"start":{"line":18,"column":8},"end":{"line":18,"column":53}},"10":{"start":{"line":23,"column":4},"end":{"line":30,"column":5}},"11":{"start":{"line":24,"column":21},"end":{"line":24,"column":29}},"12":{"start":{"line":25,"column":24},"end":{"line":25,"column":35}},"13":{"start":{"line":26,"column":26},"end":{"line":26,"column":63}},"14":{"start":{"line":27,"column":8},"end":{"line":27,"column":40}},"15":{"start":{"line":29,"column":8},"end":{"line":29,"column":53}},"16":{"start":{"line":34,"column":4},"end":{"line":41,"column":5}},"17":{"start":{"line":35,"column":19},"end":{"line":35,"column":42}},"18":{"start":{"line":36,"column":26},"end":{"line":36,"column":53}},"19":{"start":{"line":37,"column":23},"end":{"line":37,"column":48}},"20":{"start":{"line":38,"column":8},"end":{"line":38,"column":37}},"21":{"start":{"line":40,"column":8},"end":{"line":40,"column":52}},"22":{"start":{"line":45,"column":4},"end":{"line":51,"column":5}},"23":{"start":{"line":46,"column":19},"end":{"line":46,"column":42}},"24":{"start":{"line":47,"column":27},"end":{"line":47,"column":58}},"25":{"start":{"line":48,"column":8},"end":{"line":48,"column":41}},"26":{"start":{"line":50,"column":8},"end":{"line":50,"column":53}},"27":{"start":{"line":55,"column":4},"end":{"line":61,"column":5}},"28":{"start":{"line":56,"column":24},"end":{"line":56,"column":42}},"29":{"start":{"line":57,"column":27},"end":{"line":57,"column":64}},"30":{"start":{"line":58,"column":8},"end":{"line":58,"column":41}},"31":{"start":{"line":60,"column":8},"end":{"line":60,"column":53}},"32":{"start":{"line":64,"column":0},"end":{"line":64,"column":75}}},"fnMap":{"0":{"name":"index","decl":{"start":{"line":3,"column":15},"end":{"line":3,"column":20}},"loc":{"start":{"line":3,"column":32},"end":{"line":10,"column":1}},"line":3},"1":{"name":"show","decl":{"start":{"line":12,"column":15},"end":{"line":12,"column":19}},"loc":{"start":{"line":12,"column":30},"end":{"line":20,"column":1}},"line":12},"2":{"name":"create","decl":{"start":{"line":22,"column":15},"end":{"line":22,"column":21}},"loc":{"start":{"line":22,"column":32},"end":{"line":31,"column":1}},"line":22},"3":{"name":"destroy","decl":{"start":{"line":33,"column":15},"end":{"line":33,"column":22}},"loc":{"start":{"line":33,"column":33},"end":{"line":42,"column":1}},"line":33},"4":{"name":"getByUserId","decl":{"start":{"line":44,"column":15},"end":{"line":44,"column":26}},"loc":{"start":{"line":44,"column":37},"end":{"line":52,"column":1}},"line":44},"5":{"name":"getBySubject","decl":{"start":{"line":54,"column":15},"end":{"line":54,"column":27}},"loc":{"start":{"line":54,"column":38},"end":{"line":62,"column":1}},"line":54}},"branchMap":{},"s":{"0":1,"1":1,"2":1,"3":1,"4":0,"5":0,"6":0,"7":0,"8":0,"9":0,"10":0,"11":0,"12":0,"13":0,"14":0,"15":0,"16":0,"17":0,"18":0,"19":0,"20":0,"21":0,"22":0,"23":0,"24":0,"25":0,"26":0,"27":1,"28":1,"29":1,"30":1,"31":0,"32":1},"f":{"0":1,"1":0,"2":0,"3":0,"4":0,"5":1},"b":{},"_coverageSchema":"1a1c01bbd47fc00a2c39e90264f33305004495a9","hash":"a5f680d43b05e89fdd296ef28e3a46499daa2e14"}
,"/Users/admin/Desktop/la-fosse-academy/lap-3-work/give-us-a-br/api/models/flashcardModel.js": {"path":"/Users/admin/Desktop/la-fosse-academy/lap-3-work/give-us-a-br/api/models/flashcardModel.js","statementMap":{"0":{"start":{"line":1,"column":11},"end":{"line":1,"column":42}},"1":{"start":{"line":11,"column":8},"end":{"line":11,"column":31}},"2":{"start":{"line":12,"column":8},"end":{"line":12,"column":37}},"3":{"start":{"line":13,"column":8},"end":{"line":13,"column":33}},"4":{"start":{"line":14,"column":8},"end":{"line":14,"column":25}},"5":{"start":{"line":15,"column":8},"end":{"line":15,"column":31}},"6":{"start":{"line":19,"column":25},"end":{"line":19,"column":67}},"7":{"start":{"line":20,"column":8},"end":{"line":22,"column":9}},"8":{"start":{"line":21,"column":12},"end":{"line":21,"column":56}},"9":{"start":{"line":23,"column":8},"end":{"line":23,"column":58}},"10":{"start":{"line":23,"column":40},"end":{"line":23,"column":56}},"11":{"start":{"line":27,"column":25},"end":{"line":27,"column":90}},"12":{"start":{"line":28,"column":8},"end":{"line":30,"column":9}},"13":{"start":{"line":29,"column":12},"end":{"line":29,"column":55}},"14":{"start":{"line":31,"column":8},"end":{"line":31,"column":47}},"15":{"start":{"line":35,"column":25},"end":{"line":37,"column":9}},"16":{"start":{"line":38,"column":8},"end":{"line":40,"column":9}},"17":{"start":{"line":39,"column":12},"end":{"line":39,"column":54}},"18":{"start":{"line":41,"column":8},"end":{"line":41,"column":58}},"19":{"start":{"line":41,"column":40},"end":{"line":41,"column":56}},"20":{"start":{"line":44,"column":25},"end":{"line":44,"column":99}},"21":{"start":{"line":45,"column":8},"end":{"line":47,"column":9}},"22":{"start":{"line":46,"column":12},"end":{"line":46,"column":72}},"23":{"start":{"line":48,"column":8},"end":{"line":48,"column":58}},"24":{"start":{"line":48,"column":40},"end":{"line":48,"column":56}},"25":{"start":{"line":52,"column":45},"end":{"line":52,"column":49}},"26":{"start":{"line":53,"column":25},"end":{"line":56,"column":9}},"27":{"start":{"line":58,"column":8},"end":{"line":58,"column":32}},"28":{"start":{"line":62,"column":23},"end":{"line":63,"column":23}},"29":{"start":{"line":64,"column":8},"end":{"line":64,"column":47}},"30":{"start":{"line":68,"column":0},"end":{"line":68,"column":27}}},"fnMap":{"0":{"name":"(anonymous_0)","decl":{"start":{"line":4,"column":4},"end":{"line":4,"column":5}},"loc":{"start":{"line":10,"column":7},"end":{"line":16,"column":5}},"line":10},"1":{"name":"(anonymous_1)","decl":{"start":{"line":18,"column":4},"end":{"line":18,"column":5}},"loc":{"start":{"line":18,"column":26},"end":{"line":24,"column":5}},"line":18},"2":{"name":"(anonymous_2)","decl":{"start":{"line":23,"column":33},"end":{"line":23,"column":34}},"loc":{"start":{"line":23,"column":40},"end":{"line":23,"column":56}},"line":23},"3":{"name":"(anonymous_3)","decl":{"start":{"line":26,"column":4},"end":{"line":26,"column":5}},"loc":{"start":{"line":26,"column":29},"end":{"line":32,"column":5}},"line":26},"4":{"name":"(anonymous_4)","decl":{"start":{"line":34,"column":4},"end":{"line":34,"column":5}},"loc":{"start":{"line":34,"column":33},"end":{"line":42,"column":5}},"line":34},"5":{"name":"(anonymous_5)","decl":{"start":{"line":41,"column":33},"end":{"line":41,"column":34}},"loc":{"start":{"line":41,"column":40},"end":{"line":41,"column":56}},"line":41},"6":{"name":"(anonymous_6)","decl":{"start":{"line":43,"column":4},"end":{"line":43,"column":5}},"loc":{"start":{"line":43,"column":39},"end":{"line":49,"column":5}},"line":43},"7":{"name":"(anonymous_7)","decl":{"start":{"line":48,"column":33},"end":{"line":48,"column":34}},"loc":{"start":{"line":48,"column":40},"end":{"line":48,"column":56}},"line":48},"8":{"name":"(anonymous_8)","decl":{"start":{"line":51,"column":4},"end":{"line":51,"column":5}},"loc":{"start":{"line":51,"column":39},"end":{"line":59,"column":5}},"line":51},"9":{"name":"(anonymous_9)","decl":{"start":{"line":61,"column":4},"end":{"line":61,"column":5}},"loc":{"start":{"line":61,"column":20},"end":{"line":65,"column":5}},"line":61}},"branchMap":{"0":{"loc":{"start":{"line":20,"column":8},"end":{"line":22,"column":9}},"type":"if","locations":[{"start":{"line":20,"column":8},"end":{"line":22,"column":9}},{"start":{},"end":{}}],"line":20},"1":{"loc":{"start":{"line":28,"column":8},"end":{"line":30,"column":9}},"type":"if","locations":[{"start":{"line":28,"column":8},"end":{"line":30,"column":9}},{"start":{},"end":{}}],"line":28},"2":{"loc":{"start":{"line":38,"column":8},"end":{"line":40,"column":9}},"type":"if","locations":[{"start":{"line":38,"column":8},"end":{"line":40,"column":9}},{"start":{},"end":{}}],"line":38},"3":{"loc":{"start":{"line":45,"column":8},"end":{"line":47,"column":9}},"type":"if","locations":[{"start":{"line":45,"column":8},"end":{"line":47,"column":9}},{"start":{},"end":{}}],"line":45}},"s":{"0":1,"1":99,"2":99,"3":99,"4":99,"5":99,"6":1,"7":1,"8":0,"9":1,"10":79,"11":0,"12":0,"13":0,"14":0,"15":0,"16":0,"17":0,"18":0,"19":0,"20":1,"21":1,"22":0,"23":1,"24":20,"25":0,"26":0,"27":0,"28":0,"29":0,"30":1},"f":{"0":99,"1":1,"2":79,"3":0,"4":0,"5":0,"6":1,"7":20,"8":0,"9":0},"b":{"0":[0,1],"1":[0,0],"2":[0,0],"3":[0,1]},"_coverageSchema":"1a1c01bbd47fc00a2c39e90264f33305004495a9","hash":"e21213f7adf6bf53fe2f9838c016f5b9ab855408"}
,"/Users/admin/Desktop/la-fosse-academy/lap-3-work/give-us-a-br/api/routes/flashcardRoutes.js": {"path":"/Users/admin/Desktop/la-fosse-academy/lap-3-work/give-us-a-br/api/routes/flashcardRoutes.js","statementMap":{"0":{"start":{"line":1,"column":19},"end":{"line":1,"column":37}},"1":{"start":{"line":3,"column":28},"end":{"line":3,"column":73}},"2":{"start":{"line":6,"column":24},"end":{"line":6,"column":32}},"3":{"start":{"line":8,"column":0},"end":{"line":8,"column":52}},"4":{"start":{"line":9,"column":0},"end":{"line":9,"column":67}},"5":{"start":{"line":10,"column":0},"end":{"line":10,"column":54}},"6":{"start":{"line":11,"column":0},"end":{"line":11,"column":66}},"7":{"start":{"line":13,"column":0},"end":{"line":13,"column":60}},"8":{"start":{"line":15,"column":0},"end":{"line":15,"column":33}}},"fnMap":{},"branchMap":{},"s":{"0":1,"1":1,"2":1,"3":1,"4":1,"5":1,"6":1,"7":1,"8":1},"f":{},"b":{},"_coverageSchema":"1a1c01bbd47fc00a2c39e90264f33305004495a9","hash":"a58799caf2a64ac8a4688bab2cc8d1f388ca2a3c"}
}
