{"C:\\Users\\44747\\OneDrive\\Desktop\\FutureProof\\torvalds\\lap3\\project\\give-us-a-br\\api\\api.js": {"path":"C:\\Users\\44747\\OneDrive\\Desktop\\FutureProof\\torvalds\\lap3\\project\\give-us-a-br\\api\\api.js","statementMap":{"0":{"start":{"line":1,"column":23},"end":{"line":1,"column":58}},"1":{"start":{"line":2,"column":19},"end":{"line":2,"column":49}},"2":{"start":{"line":3,"column":16},"end":{"line":3,"column":34}},"3":{"start":{"line":4,"column":13},"end":{"line":4,"column":28}},"4":{"start":{"line":5,"column":19},"end":{"line":5,"column":49}},"5":{"start":{"line":8,"column":12},"end":{"line":8,"column":21}},"6":{"start":{"line":10,"column":0},"end":{"line":10,"column":16}},"7":{"start":{"line":11,"column":0},"end":{"line":11,"column":23}},"8":{"start":{"line":13,"column":0},"end":{"line":13,"column":39}},"9":{"start":{"line":14,"column":0},"end":{"line":14,"column":29}},"10":{"start":{"line":15,"column":0},"end":{"line":15,"column":28}},"11":{"start":{"line":17,"column":0},"end":{"line":17,"column":21}}},"fnMap":{},"branchMap":{},"s":{"0":1,"1":1,"2":1,"3":1,"4":1,"5":1,"6":1,"7":1,"8":1,"9":1,"10":1,"11":1},"f":{},"b":{},"_coverageSchema":"1a1c01bbd47fc00a2c39e90264f33305004495a9","hash":"aeba08df4a719f0a303c35a7aba3503984c954a2"}
,"C:\\Users\\44747\\OneDrive\\Desktop\\FutureProof\\torvalds\\lap3\\project\\give-us-a-br\\api\\config\\postgresdb.js": {"path":"C:\\Users\\44747\\OneDrive\\Desktop\\FutureProof\\torvalds\\lap3\\project\\give-us-a-br\\api\\config\\postgresdb.js","statementMap":{"0":{"start":{"line":1,"column":0},"end":{"line":1,"column":27}},"1":{"start":{"line":2,"column":17},"end":{"line":2,"column":30}},"2":{"start":{"line":4,"column":11},"end":{"line":6,"column":2}},"3":{"start":{"line":8,"column":0},"end":{"line":8,"column":21}}},"fnMap":{},"branchMap":{},"s":{"0":1,"1":1,"2":1,"3":1},"f":{},"b":{},"_coverageSchema":"1a1c01bbd47fc00a2c39e90264f33305004495a9","hash":"3c45d173db818cd02aefdb7e9ae273b4799b6a8a"}
,"C:\\Users\\44747\\OneDrive\\Desktop\\FutureProof\\torvalds\\lap3\\project\\give-us-a-br\\api\\controllers\\flashcardController.js": {"path":"C:\\Users\\44747\\OneDrive\\Desktop\\FutureProof\\torvalds\\lap3\\project\\give-us-a-br\\api\\controllers\\flashcardController.js","statementMap":{"0":{"start":{"line":1,"column":18},"end":{"line":1,"column":56}},"1":{"start":{"line":4,"column":4},"end":{"line":9,"column":5}},"2":{"start":{"line":5,"column":27},"end":{"line":5,"column":51}},"3":{"start":{"line":6,"column":8},"end":{"line":6,"column":41}},"4":{"start":{"line":8,"column":8},"end":{"line":8,"column":53}},"5":{"start":{"line":13,"column":4},"end":{"line":19,"column":5}},"6":{"start":{"line":14,"column":19},"end":{"line":14,"column":42}},"7":{"start":{"line":15,"column":26},"end":{"line":15,"column":53}},"8":{"start":{"line":16,"column":8},"end":{"line":16,"column":40}},"9":{"start":{"line":18,"column":8},"end":{"line":18,"column":53}},"10":{"start":{"line":23,"column":4},"end":{"line":30,"column":5}},"11":{"start":{"line":24,"column":21},"end":{"line":24,"column":29}},"12":{"start":{"line":25,"column":24},"end":{"line":25,"column":35}},"13":{"start":{"line":26,"column":26},"end":{"line":26,"column":63}},"14":{"start":{"line":27,"column":8},"end":{"line":27,"column":40}},"15":{"start":{"line":29,"column":8},"end":{"line":29,"column":53}},"16":{"start":{"line":34,"column":4},"end":{"line":41,"column":5}},"17":{"start":{"line":35,"column":19},"end":{"line":35,"column":42}},"18":{"start":{"line":36,"column":26},"end":{"line":36,"column":53}},"19":{"start":{"line":37,"column":23},"end":{"line":37,"column":48}},"20":{"start":{"line":38,"column":8},"end":{"line":38,"column":37}},"21":{"start":{"line":40,"column":8},"end":{"line":40,"column":52}},"22":{"start":{"line":45,"column":4},"end":{"line":51,"column":5}},"23":{"start":{"line":46,"column":19},"end":{"line":46,"column":42}},"24":{"start":{"line":47,"column":27},"end":{"line":47,"column":58}},"25":{"start":{"line":48,"column":8},"end":{"line":48,"column":41}},"26":{"start":{"line":50,"column":8},"end":{"line":50,"column":53}},"27":{"start":{"line":55,"column":4},"end":{"line":61,"column":5}},"28":{"start":{"line":56,"column":24},"end":{"line":56,"column":42}},"29":{"start":{"line":57,"column":27},"end":{"line":57,"column":64}},"30":{"start":{"line":58,"column":8},"end":{"line":58,"column":41}},"31":{"start":{"line":60,"column":8},"end":{"line":60,"column":53}},"32":{"start":{"line":64,"column":0},"end":{"line":64,"column":75}}},"fnMap":{"0":{"name":"index","decl":{"start":{"line":3,"column":15},"end":{"line":3,"column":20}},"loc":{"start":{"line":3,"column":32},"end":{"line":10,"column":1}},"line":3},"1":{"name":"show","decl":{"start":{"line":12,"column":15},"end":{"line":12,"column":19}},"loc":{"start":{"line":12,"column":30},"end":{"line":20,"column":1}},"line":12},"2":{"name":"create","decl":{"start":{"line":22,"column":15},"end":{"line":22,"column":21}},"loc":{"start":{"line":22,"column":32},"end":{"line":31,"column":1}},"line":22},"3":{"name":"destroy","decl":{"start":{"line":33,"column":15},"end":{"line":33,"column":22}},"loc":{"start":{"line":33,"column":33},"end":{"line":42,"column":1}},"line":33},"4":{"name":"getByUserId","decl":{"start":{"line":44,"column":15},"end":{"line":44,"column":26}},"loc":{"start":{"line":44,"column":37},"end":{"line":52,"column":1}},"line":44},"5":{"name":"getBySubject","decl":{"start":{"line":54,"column":15},"end":{"line":54,"column":27}},"loc":{"start":{"line":54,"column":38},"end":{"line":62,"column":1}},"line":54}},"branchMap":{},"s":{"0":1,"1":0,"2":0,"3":0,"4":0,"5":0,"6":0,"7":0,"8":0,"9":0,"10":0,"11":0,"12":0,"13":0,"14":0,"15":0,"16":0,"17":0,"18":0,"19":0,"20":0,"21":0,"22":0,"23":0,"24":0,"25":0,"26":0,"27":0,"28":0,"29":0,"30":0,"31":0,"32":1},"f":{"0":0,"1":0,"2":0,"3":0,"4":0,"5":0},"b":{},"_coverageSchema":"1a1c01bbd47fc00a2c39e90264f33305004495a9","hash":"10cf373239d7cb3bb9327e51340f303e1a99d3c6"}
,"C:\\Users\\44747\\OneDrive\\Desktop\\FutureProof\\torvalds\\lap3\\project\\give-us-a-br\\api\\controllers\\quizController.js": {"path":"C:\\Users\\44747\\OneDrive\\Desktop\\FutureProof\\torvalds\\lap3\\project\\give-us-a-br\\api\\controllers\\quizController.js","statementMap":{"0":{"start":{"line":1,"column":13},"end":{"line":1,"column":38}},"1":{"start":{"line":4,"column":4},"end":{"line":9,"column":5}},"2":{"start":{"line":5,"column":21},"end":{"line":5,"column":40}},"3":{"start":{"line":6,"column":8},"end":{"line":6,"column":35}},"4":{"start":{"line":8,"column":8},"end":{"line":8,"column":53}},"5":{"start":{"line":13,"column":4},"end":{"line":21,"column":5}},"6":{"start":{"line":14,"column":24},"end":{"line":14,"column":42}},"7":{"start":{"line":15,"column":21},"end":{"line":15,"column":53}},"8":{"start":{"line":16,"column":8},"end":{"line":16,"column":28}},"9":{"start":{"line":17,"column":8},"end":{"line":17,"column":35}},"10":{"start":{"line":19,"column":8},"end":{"line":19,"column":29}},"11":{"start":{"line":20,"column":8},"end":{"line":20,"column":53}},"12":{"start":{"line":24,"column":4},"end":{"line":30,"column":5}},"13":{"start":{"line":25,"column":19},"end":{"line":25,"column":42}},"14":{"start":{"line":26,"column":21},"end":{"line":26,"column":43}},"15":{"start":{"line":27,"column":8},"end":{"line":27,"column":35}},"16":{"start":{"line":29,"column":8},"end":{"line":29,"column":53}},"17":{"start":{"line":33,"column":0},"end":{"line":33,"column":47}}},"fnMap":{"0":{"name":"index","decl":{"start":{"line":3,"column":15},"end":{"line":3,"column":20}},"loc":{"start":{"line":3,"column":32},"end":{"line":10,"column":1}},"line":3},"1":{"name":"getBySubject","decl":{"start":{"line":12,"column":15},"end":{"line":12,"column":27}},"loc":{"start":{"line":12,"column":38},"end":{"line":22,"column":1}},"line":12},"2":{"name":"getById","decl":{"start":{"line":23,"column":15},"end":{"line":23,"column":22}},"loc":{"start":{"line":23,"column":33},"end":{"line":31,"column":1}},"line":23}},"branchMap":{},"s":{"0":1,"1":1,"2":1,"3":1,"4":0,"5":2,"6":2,"7":2,"8":2,"9":2,"10":0,"11":0,"12":0,"13":0,"14":0,"15":0,"16":0,"17":1},"f":{"0":1,"1":2,"2":0},"b":{},"_coverageSchema":"1a1c01bbd47fc00a2c39e90264f33305004495a9","hash":"fb1b145ef69d7e47c62fb34c2d82135417310e77"}
,"C:\\Users\\44747\\OneDrive\\Desktop\\FutureProof\\torvalds\\lap3\\project\\give-us-a-br\\api\\controllers\\usersController.js": {"path":"C:\\Users\\44747\\OneDrive\\Desktop\\FutureProof\\torvalds\\lap3\\project\\give-us-a-br\\api\\controllers\\usersController.js","statementMap":{"0":{"start":{"line":1,"column":15},"end":{"line":1,"column":32}},"1":{"start":{"line":3,"column":13},"end":{"line":3,"column":38}},"2":{"start":{"line":4,"column":14},"end":{"line":4,"column":40}},"3":{"start":{"line":6,"column":17},"end":{"line":16,"column":1}},"4":{"start":{"line":7,"column":4},"end":{"line":15,"column":5}},"5":{"start":{"line":8,"column":21},"end":{"line":8,"column":29}},"6":{"start":{"line":9,"column":21},"end":{"line":9,"column":76}},"7":{"start":{"line":10,"column":8},"end":{"line":10,"column":69}},"8":{"start":{"line":11,"column":23},"end":{"line":11,"column":46}},"9":{"start":{"line":12,"column":8},"end":{"line":12,"column":37}},"10":{"start":{"line":14,"column":8},"end":{"line":14,"column":50}},"11":{"start":{"line":18,"column":14},"end":{"line":32,"column":1}},"12":{"start":{"line":19,"column":4},"end":{"line":31,"column":5}},"13":{"start":{"line":20,"column":21},"end":{"line":20,"column":29}},"14":{"start":{"line":21,"column":21},"end":{"line":21,"column":63}},"15":{"start":{"line":22,"column":30},"end":{"line":25,"column":9}},"16":{"start":{"line":26,"column":8},"end":{"line":26,"column":69}},"17":{"start":{"line":26,"column":28},"end":{"line":26,"column":69}},"18":{"start":{"line":27,"column":21},"end":{"line":27,"column":48}},"19":{"start":{"line":28,"column":8},"end":{"line":28,"column":95}},"20":{"start":{"line":30,"column":8},"end":{"line":30,"column":51}},"21":{"start":{"line":34,"column":15},"end":{"line":44,"column":1}},"22":{"start":{"line":35,"column":4},"end":{"line":43,"column":5}},"23":{"start":{"line":36,"column":21},"end":{"line":36,"column":29}},"24":{"start":{"line":37,"column":22},"end":{"line":37,"column":59}},"25":{"start":{"line":38,"column":8},"end":{"line":38,"column":53}},"26":{"start":{"line":38,"column":20},"end":{"line":38,"column":53}},"27":{"start":{"line":39,"column":23},"end":{"line":39,"column":44}},"28":{"start":{"line":40,"column":8},"end":{"line":40,"column":36}},"29":{"start":{"line":42,"column":8},"end":{"line":42,"column":51}},"30":{"start":{"line":46,"column":20},"end":{"line":55,"column":1}},"31":{"start":{"line":47,"column":4},"end":{"line":54,"column":5}},"32":{"start":{"line":48,"column":23},"end":{"line":48,"column":36}},"33":{"start":{"line":49,"column":8},"end":{"line":49,"column":49}},"34":{"start":{"line":49,"column":21},"end":{"line":49,"column":49}},"35":{"start":{"line":50,"column":23},"end":{"line":50,"column":63}},"36":{"start":{"line":51,"column":8},"end":{"line":51,"column":36}},"37":{"start":{"line":53,"column":8},"end":{"line":53,"column":50}},"38":{"start":{"line":57,"column":29},"end":{"line":66,"column":1}},"39":{"start":{"line":58,"column":4},"end":{"line":65,"column":5}},"40":{"start":{"line":59,"column":24},"end":{"line":59,"column":37}},"41":{"start":{"line":60,"column":22},"end":{"line":60,"column":53}},"42":{"start":{"line":61,"column":8},"end":{"line":61,"column":53}},"43":{"start":{"line":61,"column":20},"end":{"line":61,"column":53}},"44":{"start":{"line":62,"column":8},"end":{"line":62,"column":35}},"45":{"start":{"line":64,"column":8},"end":{"line":64,"column":50}},"46":{"start":{"line":68,"column":0},"end":{"line":68,"column":77}}},"fnMap":{"0":{"name":"(anonymous_0)","decl":{"start":{"line":6,"column":17},"end":{"line":6,"column":18}},"loc":{"start":{"line":6,"column":37},"end":{"line":16,"column":1}},"line":6},"1":{"name":"(anonymous_1)","decl":{"start":{"line":18,"column":14},"end":{"line":18,"column":15}},"loc":{"start":{"line":18,"column":34},"end":{"line":32,"column":1}},"line":18},"2":{"name":"(anonymous_2)","decl":{"start":{"line":34,"column":15},"end":{"line":34,"column":16}},"loc":{"start":{"line":34,"column":35},"end":{"line":44,"column":1}},"line":34},"3":{"name":"(anonymous_3)","decl":{"start":{"line":46,"column":20},"end":{"line":46,"column":21}},"loc":{"start":{"line":46,"column":40},"end":{"line":55,"column":1}},"line":46},"4":{"name":"(anonymous_4)","decl":{"start":{"line":57,"column":29},"end":{"line":57,"column":30}},"loc":{"start":{"line":57,"column":49},"end":{"line":66,"column":1}},"line":57}},"branchMap":{"0":{"loc":{"start":{"line":26,"column":8},"end":{"line":26,"column":69}},"type":"if","locations":[{"start":{"line":26,"column":8},"end":{"line":26,"column":69}},{"start":{},"end":{}}],"line":26},"1":{"loc":{"start":{"line":38,"column":8},"end":{"line":38,"column":53}},"type":"if","locations":[{"start":{"line":38,"column":8},"end":{"line":38,"column":53}},{"start":{},"end":{}}],"line":38},"2":{"loc":{"start":{"line":49,"column":8},"end":{"line":49,"column":49}},"type":"if","locations":[{"start":{"line":49,"column":8},"end":{"line":49,"column":49}},{"start":{},"end":{}}],"line":49},"3":{"loc":{"start":{"line":61,"column":8},"end":{"line":61,"column":53}},"type":"if","locations":[{"start":{"line":61,"column":8},"end":{"line":61,"column":53}},{"start":{},"end":{}}],"line":61}},"s":{"0":1,"1":1,"2":1,"3":1,"4":0,"5":0,"6":0,"7":0,"8":0,"9":0,"10":0,"11":1,"12":0,"13":0,"14":0,"15":0,"16":0,"17":0,"18":0,"19":0,"20":0,"21":1,"22":0,"23":0,"24":0,"25":0,"26":0,"27":0,"28":0,"29":0,"30":1,"31":0,"32":0,"33":0,"34":0,"35":0,"36":0,"37":0,"38":1,"39":0,"40":0,"41":0,"42":0,"43":0,"44":0,"45":0,"46":1},"f":{"0":0,"1":0,"2":0,"3":0,"4":0},"b":{"0":[0,0],"1":[0,0],"2":[0,0],"3":[0,0]},"_coverageSchema":"1a1c01bbd47fc00a2c39e90264f33305004495a9","hash":"78f190d58d27474a292841610085eb2462028a77"}
,"C:\\Users\\44747\\OneDrive\\Desktop\\FutureProof\\torvalds\\lap3\\project\\give-us-a-br\\api\\models\\Quiz.js": {"path":"C:\\Users\\44747\\OneDrive\\Desktop\\FutureProof\\torvalds\\lap3\\project\\give-us-a-br\\api\\models\\Quiz.js","statementMap":{"0":{"start":{"line":1,"column":11},"end":{"line":1,"column":42}},"1":{"start":{"line":13,"column":8},"end":{"line":13,"column":39}},"2":{"start":{"line":14,"column":8},"end":{"line":14,"column":25}},"3":{"start":{"line":15,"column":8},"end":{"line":15,"column":33}},"4":{"start":{"line":16,"column":8},"end":{"line":16,"column":29}},"5":{"start":{"line":17,"column":8},"end":{"line":17,"column":41}},"6":{"start":{"line":18,"column":8},"end":{"line":18,"column":41}},"7":{"start":{"line":19,"column":8},"end":{"line":19,"column":41}},"8":{"start":{"line":23,"column":25},"end":{"line":23,"column":62}},"9":{"start":{"line":24,"column":8},"end":{"line":26,"column":9}},"10":{"start":{"line":25,"column":12},"end":{"line":25,"column":50}},"11":{"start":{"line":27,"column":8},"end":{"line":27,"column":53}},"12":{"start":{"line":27,"column":40},"end":{"line":27,"column":51}},"13":{"start":{"line":31,"column":25},"end":{"line":31,"column":90}},"14":{"start":{"line":32,"column":8},"end":{"line":34,"column":9}},"15":{"start":{"line":33,"column":12},"end":{"line":33,"column":52}},"16":{"start":{"line":35,"column":8},"end":{"line":35,"column":42}},"17":{"start":{"line":39,"column":25},"end":{"line":39,"column":88}},"18":{"start":{"line":40,"column":8},"end":{"line":42,"column":9}},"19":{"start":{"line":41,"column":12},"end":{"line":41,"column":69}},"20":{"start":{"line":43,"column":8},"end":{"line":43,"column":53}},"21":{"start":{"line":43,"column":40},"end":{"line":43,"column":51}},"22":{"start":{"line":48,"column":0},"end":{"line":48,"column":22}}},"fnMap":{"0":{"name":"(anonymous_0)","decl":{"start":{"line":4,"column":4},"end":{"line":4,"column":5}},"loc":{"start":{"line":12,"column":7},"end":{"line":20,"column":5}},"line":12},"1":{"name":"(anonymous_1)","decl":{"start":{"line":22,"column":4},"end":{"line":22,"column":5}},"loc":{"start":{"line":22,"column":26},"end":{"line":28,"column":5}},"line":22},"2":{"name":"(anonymous_2)","decl":{"start":{"line":27,"column":33},"end":{"line":27,"column":34}},"loc":{"start":{"line":27,"column":40},"end":{"line":27,"column":51}},"line":27},"3":{"name":"(anonymous_3)","decl":{"start":{"line":30,"column":4},"end":{"line":30,"column":5}},"loc":{"start":{"line":30,"column":29},"end":{"line":36,"column":5}},"line":30},"4":{"name":"(anonymous_4)","decl":{"start":{"line":38,"column":4},"end":{"line":38,"column":5}},"loc":{"start":{"line":38,"column":39},"end":{"line":44,"column":5}},"line":38},"5":{"name":"(anonymous_5)","decl":{"start":{"line":43,"column":33},"end":{"line":43,"column":34}},"loc":{"start":{"line":43,"column":40},"end":{"line":43,"column":51}},"line":43}},"branchMap":{"0":{"loc":{"start":{"line":24,"column":8},"end":{"line":26,"column":9}},"type":"if","locations":[{"start":{"line":24,"column":8},"end":{"line":26,"column":9}},{"start":{},"end":{}}],"line":24},"1":{"loc":{"start":{"line":32,"column":8},"end":{"line":34,"column":9}},"type":"if","locations":[{"start":{"line":32,"column":8},"end":{"line":34,"column":9}},{"start":{},"end":{}}],"line":32},"2":{"loc":{"start":{"line":40,"column":8},"end":{"line":42,"column":9}},"type":"if","locations":[{"start":{"line":40,"column":8},"end":{"line":42,"column":9}},{"start":{},"end":{}}],"line":40}},"s":{"0":1,"1":30,"2":30,"3":30,"4":30,"5":30,"6":30,"7":30,"8":1,"9":1,"10":0,"11":1,"12":30,"13":0,"14":0,"15":0,"16":0,"17":0,"18":0,"19":0,"20":0,"21":0,"22":1},"f":{"0":30,"1":1,"2":30,"3":0,"4":0,"5":0},"b":{"0":[0,1],"1":[0,0],"2":[0,0]},"_coverageSchema":"1a1c01bbd47fc00a2c39e90264f33305004495a9","hash":"ee6291bc8c633e83ab41b89677978f8b52cefb25"}
,"C:\\Users\\44747\\OneDrive\\Desktop\\FutureProof\\torvalds\\lap3\\project\\give-us-a-br\\api\\models\\Token.js": {"path":"C:\\Users\\44747\\OneDrive\\Desktop\\FutureProof\\torvalds\\lap3\\project\\give-us-a-br\\api\\models\\Token.js","statementMap":{"0":{"start":{"line":1,"column":23},"end":{"line":1,"column":38}},"1":{"start":{"line":2,"column":11},"end":{"line":2,"column":42}},"2":{"start":{"line":6,"column":8},"end":{"line":6,"column":33}},"3":{"start":{"line":7,"column":8},"end":{"line":7,"column":31}},"4":{"start":{"line":8,"column":8},"end":{"line":8,"column":27}},"5":{"start":{"line":12,"column":22},"end":{"line":12,"column":30}},"6":{"start":{"line":13,"column":25},"end":{"line":13,"column":131}},"7":{"start":{"line":14,"column":22},"end":{"line":14,"column":47}},"8":{"start":{"line":15,"column":25},"end":{"line":15,"column":54}},"9":{"start":{"line":16,"column":8},"end":{"line":16,"column":24}},"10":{"start":{"line":20,"column":25},"end":{"line":20,"column":89}},"11":{"start":{"line":21,"column":8},"end":{"line":23,"column":9}},"12":{"start":{"line":22,"column":12},"end":{"line":22,"column":55}},"13":{"start":{"line":24,"column":8},"end":{"line":24,"column":43}},"14":{"start":{"line":28,"column":25},"end":{"line":28,"column":89}},"15":{"start":{"line":29,"column":8},"end":{"line":31,"column":9}},"16":{"start":{"line":30,"column":12},"end":{"line":30,"column":54}},"17":{"start":{"line":32,"column":8},"end":{"line":32,"column":42}},"18":{"start":{"line":36,"column":25},"end":{"line":36,"column":92}},"19":{"start":{"line":37,"column":8},"end":{"line":39,"column":9}},"20":{"start":{"line":38,"column":12},"end":{"line":38,"column":54}},"21":{"start":{"line":40,"column":8},"end":{"line":40,"column":24}},"22":{"start":{"line":44,"column":0},"end":{"line":44,"column":23}}},"fnMap":{"0":{"name":"(anonymous_0)","decl":{"start":{"line":5,"column":4},"end":{"line":5,"column":5}},"loc":{"start":{"line":5,"column":46},"end":{"line":9,"column":5}},"line":5},"1":{"name":"(anonymous_1)","decl":{"start":{"line":11,"column":4},"end":{"line":11,"column":5}},"loc":{"start":{"line":11,"column":33},"end":{"line":17,"column":5}},"line":11},"2":{"name":"(anonymous_2)","decl":{"start":{"line":19,"column":4},"end":{"line":19,"column":5}},"loc":{"start":{"line":19,"column":32},"end":{"line":25,"column":5}},"line":19},"3":{"name":"(anonymous_3)","decl":{"start":{"line":27,"column":4},"end":{"line":27,"column":5}},"loc":{"start":{"line":27,"column":38},"end":{"line":33,"column":5}},"line":27},"4":{"name":"(anonymous_4)","decl":{"start":{"line":35,"column":4},"end":{"line":35,"column":5}},"loc":{"start":{"line":35,"column":20},"end":{"line":41,"column":5}},"line":35}},"branchMap":{"0":{"loc":{"start":{"line":21,"column":8},"end":{"line":23,"column":9}},"type":"if","locations":[{"start":{"line":21,"column":8},"end":{"line":23,"column":9}},{"start":{},"end":{}}],"line":21},"1":{"loc":{"start":{"line":29,"column":8},"end":{"line":31,"column":9}},"type":"if","locations":[{"start":{"line":29,"column":8},"end":{"line":31,"column":9}},{"start":{},"end":{}}],"line":29},"2":{"loc":{"start":{"line":37,"column":8},"end":{"line":39,"column":9}},"type":"if","locations":[{"start":{"line":37,"column":8},"end":{"line":39,"column":9}},{"start":{},"end":{}}],"line":37}},"s":{"0":1,"1":1,"2":0,"3":0,"4":0,"5":0,"6":0,"7":0,"8":0,"9":0,"10":0,"11":0,"12":0,"13":0,"14":0,"15":0,"16":0,"17":0,"18":0,"19":0,"20":0,"21":0,"22":1},"f":{"0":0,"1":0,"2":0,"3":0,"4":0},"b":{"0":[0,0],"1":[0,0],"2":[0,0]},"_coverageSchema":"1a1c01bbd47fc00a2c39e90264f33305004495a9","hash":"c40a08a6c2428578e75da35e2d5f7f834395ae7e"}
,"C:\\Users\\44747\\OneDrive\\Desktop\\FutureProof\\torvalds\\lap3\\project\\give-us-a-br\\api\\models\\User.js": {"path":"C:\\Users\\44747\\OneDrive\\Desktop\\FutureProof\\torvalds\\lap3\\project\\give-us-a-br\\api\\models\\User.js","statementMap":{"0":{"start":{"line":1,"column":11},"end":{"line":1,"column":42}},"1":{"start":{"line":5,"column":8},"end":{"line":5,"column":26}},"2":{"start":{"line":6,"column":8},"end":{"line":6,"column":33}},"3":{"start":{"line":7,"column":8},"end":{"line":7,"column":27}},"4":{"start":{"line":8,"column":8},"end":{"line":8,"column":33}},"5":{"start":{"line":9,"column":8},"end":{"line":9,"column":47}},"6":{"start":{"line":10,"column":8},"end":{"line":10,"column":31}},"7":{"start":{"line":14,"column":25},"end":{"line":14,"column":88}},"8":{"start":{"line":15,"column":8},"end":{"line":17,"column":9}},"9":{"start":{"line":16,"column":12},"end":{"line":16,"column":53}},"10":{"start":{"line":18,"column":8},"end":{"line":18,"column":41}},"11":{"start":{"line":22,"column":25},"end":{"line":22,"column":95}},"12":{"start":{"line":23,"column":8},"end":{"line":25,"column":9}},"13":{"start":{"line":24,"column":12},"end":{"line":24,"column":53}},"14":{"start":{"line":26,"column":8},"end":{"line":26,"column":41}},"15":{"start":{"line":30,"column":25},"end":{"line":30,"column":95}},"16":{"start":{"line":31,"column":8},"end":{"line":33,"column":9}},"17":{"start":{"line":32,"column":12},"end":{"line":32,"column":53}},"18":{"start":{"line":34,"column":8},"end":{"line":34,"column":41}},"19":{"start":{"line":38,"column":24},"end":{"line":38,"column":93}},"20":{"start":{"line":39,"column":8},"end":{"line":41,"column":9}},"21":{"start":{"line":40,"column":12},"end":{"line":40,"column":53}},"22":{"start":{"line":43,"column":8},"end":{"line":43,"column":40}},"23":{"start":{"line":47,"column":46},"end":{"line":47,"column":50}},"24":{"start":{"line":48,"column":25},"end":{"line":48,"column":156}},"25":{"start":{"line":49,"column":22},"end":{"line":49,"column":46}},"26":{"start":{"line":50,"column":24},"end":{"line":50,"column":52}},"27":{"start":{"line":51,"column":8},"end":{"line":51,"column":23}},"28":{"start":{"line":55,"column":25},"end":{"line":55,"column":98}},"29":{"start":{"line":56,"column":8},"end":{"line":58,"column":9}},"30":{"start":{"line":57,"column":12},"end":{"line":57,"column":52}},"31":{"start":{"line":59,"column":8},"end":{"line":59,"column":23}},"32":{"start":{"line":63,"column":0},"end":{"line":63,"column":21}}},"fnMap":{"0":{"name":"(anonymous_0)","decl":{"start":{"line":4,"column":4},"end":{"line":4,"column":5}},"loc":{"start":{"line":4,"column":82},"end":{"line":11,"column":5}},"line":4},"1":{"name":"(anonymous_1)","decl":{"start":{"line":13,"column":4},"end":{"line":13,"column":5}},"loc":{"start":{"line":13,"column":32},"end":{"line":19,"column":5}},"line":13},"2":{"name":"(anonymous_2)","decl":{"start":{"line":21,"column":4},"end":{"line":21,"column":5}},"loc":{"start":{"line":21,"column":44},"end":{"line":27,"column":5}},"line":21},"3":{"name":"(anonymous_3)","decl":{"start":{"line":29,"column":4},"end":{"line":29,"column":5}},"loc":{"start":{"line":29,"column":33},"end":{"line":35,"column":5}},"line":29},"4":{"name":"(anonymous_4)","decl":{"start":{"line":37,"column":4},"end":{"line":37,"column":5}},"loc":{"start":{"line":37,"column":34},"end":{"line":44,"column":5}},"line":37},"5":{"name":"(anonymous_5)","decl":{"start":{"line":46,"column":4},"end":{"line":46,"column":5}},"loc":{"start":{"line":46,"column":30},"end":{"line":52,"column":5}},"line":46},"6":{"name":"(anonymous_6)","decl":{"start":{"line":54,"column":4},"end":{"line":54,"column":5}},"loc":{"start":{"line":54,"column":20},"end":{"line":60,"column":5}},"line":54}},"branchMap":{"0":{"loc":{"start":{"line":15,"column":8},"end":{"line":17,"column":9}},"type":"if","locations":[{"start":{"line":15,"column":8},"end":{"line":17,"column":9}},{"start":{},"end":{}}],"line":15},"1":{"loc":{"start":{"line":23,"column":8},"end":{"line":25,"column":9}},"type":"if","locations":[{"start":{"line":23,"column":8},"end":{"line":25,"column":9}},{"start":{},"end":{}}],"line":23},"2":{"loc":{"start":{"line":31,"column":8},"end":{"line":33,"column":9}},"type":"if","locations":[{"start":{"line":31,"column":8},"end":{"line":33,"column":9}},{"start":{},"end":{}}],"line":31},"3":{"loc":{"start":{"line":39,"column":8},"end":{"line":41,"column":9}},"type":"if","locations":[{"start":{"line":39,"column":8},"end":{"line":41,"column":9}},{"start":{},"end":{}}],"line":39},"4":{"loc":{"start":{"line":56,"column":8},"end":{"line":58,"column":9}},"type":"if","locations":[{"start":{"line":56,"column":8},"end":{"line":58,"column":9}},{"start":{},"end":{}}],"line":56}},"s":{"0":1,"1":0,"2":0,"3":0,"4":0,"5":0,"6":0,"7":0,"8":0,"9":0,"10":0,"11":0,"12":0,"13":0,"14":0,"15":0,"16":0,"17":0,"18":0,"19":0,"20":0,"21":0,"22":0,"23":0,"24":0,"25":0,"26":0,"27":0,"28":0,"29":0,"30":0,"31":0,"32":1},"f":{"0":0,"1":0,"2":0,"3":0,"4":0,"5":0,"6":0},"b":{"0":[0,0],"1":[0,0],"2":[0,0],"3":[0,0],"4":[0,0]},"_coverageSchema":"1a1c01bbd47fc00a2c39e90264f33305004495a9","hash":"7877ebfad103cb4824d7560f6c1b0220686d139d"}
,"C:\\Users\\44747\\OneDrive\\Desktop\\FutureProof\\torvalds\\lap3\\project\\give-us-a-br\\api\\models\\flashcardModel.js": {"path":"C:\\Users\\44747\\OneDrive\\Desktop\\FutureProof\\torvalds\\lap3\\project\\give-us-a-br\\api\\models\\flashcardModel.js","statementMap":{"0":{"start":{"line":1,"column":11},"end":{"line":1,"column":42}},"1":{"start":{"line":11,"column":8},"end":{"line":11,"column":31}},"2":{"start":{"line":12,"column":8},"end":{"line":12,"column":37}},"3":{"start":{"line":13,"column":8},"end":{"line":13,"column":33}},"4":{"start":{"line":14,"column":8},"end":{"line":14,"column":25}},"5":{"start":{"line":15,"column":8},"end":{"line":15,"column":31}},"6":{"start":{"line":19,"column":25},"end":{"line":19,"column":67}},"7":{"start":{"line":20,"column":8},"end":{"line":22,"column":9}},"8":{"start":{"line":21,"column":12},"end":{"line":21,"column":56}},"9":{"start":{"line":23,"column":8},"end":{"line":23,"column":58}},"10":{"start":{"line":23,"column":40},"end":{"line":23,"column":56}},"11":{"start":{"line":27,"column":25},"end":{"line":27,"column":92}},"12":{"start":{"line":28,"column":8},"end":{"line":30,"column":9}},"13":{"start":{"line":29,"column":12},"end":{"line":29,"column":55}},"14":{"start":{"line":31,"column":8},"end":{"line":31,"column":47}},"15":{"start":{"line":35,"column":25},"end":{"line":37,"column":9}},"16":{"start":{"line":38,"column":8},"end":{"line":40,"column":9}},"17":{"start":{"line":39,"column":12},"end":{"line":39,"column":54}},"18":{"start":{"line":41,"column":8},"end":{"line":41,"column":58}},"19":{"start":{"line":41,"column":40},"end":{"line":41,"column":56}},"20":{"start":{"line":44,"column":25},"end":{"line":44,"column":99}},"21":{"start":{"line":45,"column":8},"end":{"line":47,"column":9}},"22":{"start":{"line":46,"column":12},"end":{"line":46,"column":72}},"23":{"start":{"line":48,"column":8},"end":{"line":48,"column":58}},"24":{"start":{"line":48,"column":40},"end":{"line":48,"column":56}},"25":{"start":{"line":52,"column":45},"end":{"line":52,"column":49}},"26":{"start":{"line":53,"column":25},"end":{"line":56,"column":9}},"27":{"start":{"line":58,"column":8},"end":{"line":58,"column":32}},"28":{"start":{"line":62,"column":23},"end":{"line":63,"column":23}},"29":{"start":{"line":64,"column":8},"end":{"line":64,"column":47}},"30":{"start":{"line":68,"column":0},"end":{"line":68,"column":27}}},"fnMap":{"0":{"name":"(anonymous_0)","decl":{"start":{"line":4,"column":4},"end":{"line":4,"column":5}},"loc":{"start":{"line":10,"column":7},"end":{"line":16,"column":5}},"line":10},"1":{"name":"(anonymous_1)","decl":{"start":{"line":18,"column":4},"end":{"line":18,"column":5}},"loc":{"start":{"line":18,"column":26},"end":{"line":24,"column":5}},"line":18},"2":{"name":"(anonymous_2)","decl":{"start":{"line":23,"column":33},"end":{"line":23,"column":34}},"loc":{"start":{"line":23,"column":40},"end":{"line":23,"column":56}},"line":23},"3":{"name":"(anonymous_3)","decl":{"start":{"line":26,"column":4},"end":{"line":26,"column":5}},"loc":{"start":{"line":26,"column":29},"end":{"line":32,"column":5}},"line":26},"4":{"name":"(anonymous_4)","decl":{"start":{"line":34,"column":4},"end":{"line":34,"column":5}},"loc":{"start":{"line":34,"column":33},"end":{"line":42,"column":5}},"line":34},"5":{"name":"(anonymous_5)","decl":{"start":{"line":41,"column":33},"end":{"line":41,"column":34}},"loc":{"start":{"line":41,"column":40},"end":{"line":41,"column":56}},"line":41},"6":{"name":"(anonymous_6)","decl":{"start":{"line":43,"column":4},"end":{"line":43,"column":5}},"loc":{"start":{"line":43,"column":39},"end":{"line":49,"column":5}},"line":43},"7":{"name":"(anonymous_7)","decl":{"start":{"line":48,"column":33},"end":{"line":48,"column":34}},"loc":{"start":{"line":48,"column":40},"end":{"line":48,"column":56}},"line":48},"8":{"name":"(anonymous_8)","decl":{"start":{"line":51,"column":4},"end":{"line":51,"column":5}},"loc":{"start":{"line":51,"column":39},"end":{"line":59,"column":5}},"line":51},"9":{"name":"(anonymous_9)","decl":{"start":{"line":61,"column":4},"end":{"line":61,"column":5}},"loc":{"start":{"line":61,"column":20},"end":{"line":65,"column":5}},"line":61}},"branchMap":{"0":{"loc":{"start":{"line":20,"column":8},"end":{"line":22,"column":9}},"type":"if","locations":[{"start":{"line":20,"column":8},"end":{"line":22,"column":9}},{"start":{},"end":{}}],"line":20},"1":{"loc":{"start":{"line":28,"column":8},"end":{"line":30,"column":9}},"type":"if","locations":[{"start":{"line":28,"column":8},"end":{"line":30,"column":9}},{"start":{},"end":{}}],"line":28},"2":{"loc":{"start":{"line":38,"column":8},"end":{"line":40,"column":9}},"type":"if","locations":[{"start":{"line":38,"column":8},"end":{"line":40,"column":9}},{"start":{},"end":{}}],"line":38},"3":{"loc":{"start":{"line":45,"column":8},"end":{"line":47,"column":9}},"type":"if","locations":[{"start":{"line":45,"column":8},"end":{"line":47,"column":9}},{"start":{},"end":{}}],"line":45}},"s":{"0":1,"1":0,"2":0,"3":0,"4":0,"5":0,"6":0,"7":0,"8":0,"9":0,"10":0,"11":0,"12":0,"13":0,"14":0,"15":0,"16":0,"17":0,"18":0,"19":0,"20":0,"21":0,"22":0,"23":0,"24":0,"25":0,"26":0,"27":0,"28":0,"29":0,"30":1},"f":{"0":0,"1":0,"2":0,"3":0,"4":0,"5":0,"6":0,"7":0,"8":0,"9":0},"b":{"0":[0,0],"1":[0,0],"2":[0,0],"3":[0,0]},"_coverageSchema":"1a1c01bbd47fc00a2c39e90264f33305004495a9","hash":"8051b7718fd1aaa04278d30647ad1d1c53780324"}
,"C:\\Users\\44747\\OneDrive\\Desktop\\FutureProof\\torvalds\\lap3\\project\\give-us-a-br\\api\\routes\\flashcardRoutes.js": {"path":"C:\\Users\\44747\\OneDrive\\Desktop\\FutureProof\\torvalds\\lap3\\project\\give-us-a-br\\api\\routes\\flashcardRoutes.js","statementMap":{"0":{"start":{"line":1,"column":19},"end":{"line":1,"column":37}},"1":{"start":{"line":3,"column":28},"end":{"line":3,"column":73}},"2":{"start":{"line":6,"column":24},"end":{"line":6,"column":32}},"3":{"start":{"line":8,"column":0},"end":{"line":8,"column":52}},"4":{"start":{"line":9,"column":0},"end":{"line":9,"column":67}},"5":{"start":{"line":10,"column":0},"end":{"line":10,"column":61}},"6":{"start":{"line":11,"column":0},"end":{"line":11,"column":66}},"7":{"start":{"line":13,"column":0},"end":{"line":13,"column":60}},"8":{"start":{"line":15,"column":0},"end":{"line":15,"column":33}}},"fnMap":{},"branchMap":{},"s":{"0":1,"1":1,"2":1,"3":1,"4":1,"5":1,"6":1,"7":1,"8":1},"f":{},"b":{},"_coverageSchema":"1a1c01bbd47fc00a2c39e90264f33305004495a9","hash":"5fe6e2f99a2eee33e151720c50bedc3a79865243"}
,"C:\\Users\\44747\\OneDrive\\Desktop\\FutureProof\\torvalds\\lap3\\project\\give-us-a-br\\api\\routes\\quizRoutes.js": {"path":"C:\\Users\\44747\\OneDrive\\Desktop\\FutureProof\\torvalds\\lap3\\project\\give-us-a-br\\api\\routes\\quizRoutes.js","statementMap":{"0":{"start":{"line":1,"column":19},"end":{"line":1,"column":37}},"1":{"start":{"line":3,"column":23},"end":{"line":3,"column":63}},"2":{"start":{"line":5,"column":19},"end":{"line":5,"column":27}},"3":{"start":{"line":7,"column":0},"end":{"line":7,"column":42}},"4":{"start":{"line":8,"column":0},"end":{"line":8,"column":57}},"5":{"start":{"line":9,"column":0},"end":{"line":9,"column":54}},"6":{"start":{"line":11,"column":0},"end":{"line":11,"column":28}}},"fnMap":{},"branchMap":{},"s":{"0":1,"1":1,"2":1,"3":1,"4":1,"5":1,"6":1},"f":{},"b":{},"_coverageSchema":"1a1c01bbd47fc00a2c39e90264f33305004495a9","hash":"41d99736d39f3fd6da474c532e6e2a3b6cd59f38"}
,"C:\\Users\\44747\\OneDrive\\Desktop\\FutureProof\\torvalds\\lap3\\project\\give-us-a-br\\api\\routes\\userRoutes.js": {"path":"C:\\Users\\44747\\OneDrive\\Desktop\\FutureProof\\torvalds\\lap3\\project\\give-us-a-br\\api\\routes\\userRoutes.js","statementMap":{"0":{"start":{"line":1,"column":19},"end":{"line":1,"column":37}},"1":{"start":{"line":3,"column":23},"end":{"line":3,"column":64}},"2":{"start":{"line":5,"column":19},"end":{"line":5,"column":27}},"3":{"start":{"line":7,"column":0},"end":{"line":7,"column":53}},"4":{"start":{"line":8,"column":0},"end":{"line":8,"column":48}},"5":{"start":{"line":9,"column":0},"end":{"line":9,"column":49}},"6":{"start":{"line":10,"column":0},"end":{"line":10,"column":59}},"7":{"start":{"line":11,"column":0},"end":{"line":11,"column":74}},"8":{"start":{"line":13,"column":0},"end":{"line":13,"column":27}}},"fnMap":{},"branchMap":{},"s":{"0":1,"1":1,"2":1,"3":1,"4":1,"5":1,"6":1,"7":1,"8":1},"f":{},"b":{},"_coverageSchema":"1a1c01bbd47fc00a2c39e90264f33305004495a9","hash":"ef7ac2cb676396b88cd879f80cf323ee02af7ec3"}
}
