TN:
SF:api.js
FNF:0
FNH:0
DA:1,1
DA:2,1
DA:3,1
DA:6,1
DA:8,1
DA:9,1
DA:11,1
DA:13,1
LF:8
LH:8
BRF:0
BRH:0
end_of_record
TN:
SF:config/postgresdb.js
FNF:0
FNH:0
DA:1,1
DA:2,1
DA:4,1
DA:8,1
LF:4
LH:4
BRF:0
BRH:0
end_of_record
TN:
SF:controllers/flashcardController.js
FN:3,index
FN:12,show
FN:22,create
FN:33,destroy
FN:44,getByUserId
FN:54,getBySubject
FNF:6
FNH:2
FNDA:1,index
FNDA:0,show
FNDA:0,create
FNDA:0,destroy
FNDA:0,getByUserId
FNDA:1,getBySubject
DA:1,1
DA:4,1
DA:5,1
DA:6,1
DA:8,0
DA:13,0
DA:14,0
DA:15,0
DA:16,0
DA:18,0
DA:23,0
DA:24,0
DA:25,0
DA:26,0
DA:27,0
DA:29,0
DA:34,0
DA:35,0
DA:36,0
DA:37,0
DA:38,0
DA:40,0
DA:45,0
DA:46,0
DA:47,0
DA:48,0
DA:50,0
DA:55,1
DA:56,1
DA:57,1
DA:58,1
DA:60,0
DA:64,1
LF:33
LH:9
BRF:0
BRH:0
end_of_record
TN:
SF:models/flashcardModel.js
FN:4,(anonymous_0)
FN:18,(anonymous_1)
FN:23,(anonymous_2)
FN:26,(anonymous_3)
FN:34,(anonymous_4)
FN:41,(anonymous_5)
FN:43,(anonymous_6)
FN:48,(anonymous_7)
FN:51,(anonymous_8)
FN:61,(anonymous_9)
FNF:10
FNH:5
FNDA:99,(anonymous_0)
FNDA:1,(anonymous_1)
FNDA:79,(anonymous_2)
FNDA:0,(anonymous_3)
FNDA:0,(anonymous_4)
FNDA:0,(anonymous_5)
FNDA:1,(anonymous_6)
FNDA:20,(anonymous_7)
FNDA:0,(anonymous_8)
FNDA:0,(anonymous_9)
DA:1,1
DA:11,99
DA:12,99
DA:13,99
DA:14,99
DA:15,99
DA:19,1
DA:20,1
DA:21,0
DA:23,79
DA:27,0
DA:28,0
DA:29,0
DA:31,0
DA:35,0
DA:38,0
DA:39,0
DA:41,0
DA:44,1
DA:45,1
DA:46,0
DA:48,20
DA:52,0
DA:53,0
DA:58,0
DA:62,0
DA:64,0
DA:68,1
LF:28
LH:13
BRDA:20,0,0,0
BRDA:20,0,1,1
BRDA:28,1,0,0
BRDA:28,1,1,0
BRDA:38,2,0,0
BRDA:38,2,1,0
BRDA:45,3,0,0
BRDA:45,3,1,1
BRF:8
BRH:2
end_of_record
TN:
SF:routes/flashcardRoutes.js
FNF:0
FNH:0
DA:1,1
DA:3,1
DA:6,1
DA:8,1
DA:9,1
DA:10,1
DA:11,1
DA:13,1
DA:15,1
LF:9
LH:9
BRF:0
BRH:0
end_of_record
